\BOOKMARK [0][-]{chapter.1}{Measurement and Vectors}{}% 1
\BOOKMARK [1][-]{section.1.1}{Units and Unit Conversions}{chapter.1}% 2
\BOOKMARK [1][-]{section.1.2}{EXAMPLES: Unit Conversions}{chapter.1}% 3
\BOOKMARK [0][-]{chapter.2}{Kinematics}{}% 4
\BOOKMARK [0][-]{chapter.3}{Forces}{}% 5
\BOOKMARK [1][-]{section.3.1}{Common Forces}{chapter.3}% 6
\BOOKMARK [1][-]{section.3.2}{Free Body Diagrams \(FBD\)}{chapter.3}% 7
\BOOKMARK [1][-]{section.3.3}{Other Posssible Scenarios and Their FBDs}{chapter.3}% 8
\BOOKMARK [1][-]{section.3.4}{Frictional Force}{chapter.3}% 9
\BOOKMARK [1][-]{section.3.5}{Air Drag}{chapter.3}% 10
\BOOKMARK [1][-]{section.3.6}{Centripetal Forces}{chapter.3}% 11
\BOOKMARK [0][-]{chapter.4}{Work, Energy, and Momentum}{}% 12
\BOOKMARK [1][-]{section.4.1}{Introduction to Work}{chapter.4}% 13
\BOOKMARK [1][-]{section.4.2}{Energy}{chapter.4}% 14
\BOOKMARK [2][-]{subsection.4.2.1}{The Usefulness of Energy and Work}{section.4.2}% 15
\BOOKMARK [1][-]{section.4.3}{Work and Calculus}{chapter.4}% 16
\BOOKMARK [1][-]{section.4.4}{Power}{chapter.4}% 17
\BOOKMARK [1][-]{section.4.5}{Non-Conservative Energy}{chapter.4}% 18
\BOOKMARK [1][-]{section.4.6}{Center of Mass}{chapter.4}% 19
\BOOKMARK [1][-]{section.4.7}{Introduction to Momentum}{chapter.4}% 20
\BOOKMARK [0][-]{chapter.5}{Rotational Kinematics, Torque, and Angular Momentum}{}% 21
\BOOKMARK [1][-]{section.5.1}{Rotational Kinematics}{chapter.5}% 22
\BOOKMARK [0][-]{chapter.6}{Statics}{}% 23
\BOOKMARK [0][-]{chapter.7}{Fluids}{}% 24
