\BOOKMARK [0][-]{chapter.1}{Linear Equations}{}% 1
\BOOKMARK [1][-]{section.1.1}{Systems of Linear Equations}{chapter.1}% 2
\BOOKMARK [1][-]{section.1.2}{Row Reduction and Echelon Form}{chapter.1}% 3
\BOOKMARK [1][-]{section.1.3}{Vector Equations}{chapter.1}% 4
\BOOKMARK [1][-]{section.1.4}{The Matrix Equation}{chapter.1}% 5
\BOOKMARK [1][-]{section.1.5}{Solution Sets of Linear Systems}{chapter.1}% 6
\BOOKMARK [1][-]{section.1.6}{Linear Independence}{chapter.1}% 7
\BOOKMARK [1][-]{section.1.7}{Introduction to Linear Transformations}{chapter.1}% 8
\BOOKMARK [1][-]{section.1.8}{The Matrix of a Linear Transformation}{chapter.1}% 9
\BOOKMARK [0][-]{chapter.2}{Matrix Algebra}{}% 10
\BOOKMARK [1][-]{section.2.1}{Matrix Operations}{chapter.2}% 11
\BOOKMARK [1][-]{section.2.2}{The Inverse of a Matrix}{chapter.2}% 12
\BOOKMARK [1][-]{section.2.3}{Characterizations of Invertible Matrices}{chapter.2}% 13
\BOOKMARK [1][-]{section.2.4}{Partitioned Matrices}{chapter.2}% 14
\BOOKMARK [1][-]{section.2.5}{Matrix Factorizations}{chapter.2}% 15
\BOOKMARK [1][-]{section.2.6}{The Leontief Input-Output Model}{chapter.2}% 16
\BOOKMARK [1][-]{section.2.7}{Applications to Computer Graphics}{chapter.2}% 17
\BOOKMARK [1][-]{section.2.8}{Subspaces of Rn}{chapter.2}% 18
\BOOKMARK [0][-]{chapter.3}{Determinants}{}% 19
\BOOKMARK [1][-]{section.3.1}{Introduction to Determinants}{chapter.3}% 20
\BOOKMARK [1][-]{section.3.2}{Properties of Determinants}{chapter.3}% 21
\BOOKMARK [1][-]{section.3.3}{Cramer's Rule, Volume, and Linear Transformations}{chapter.3}% 22
\BOOKMARK [0][-]{chapter.4}{Vector Spaces}{}% 23
\BOOKMARK [1][-]{section.4.1}{Vector Spaces and Subspaces}{chapter.4}% 24
\BOOKMARK [1][-]{section.4.2}{Null Spaces, Column Spaces, and Linear Transformations}{chapter.4}% 25
\BOOKMARK [1][-]{section.4.3}{Linearly Independent Sets and Bases}{chapter.4}% 26
\BOOKMARK [1][-]{section.4.4}{Coordinate Systems}{chapter.4}% 27
\BOOKMARK [1][-]{section.4.5}{The Dimension of a Vector Space}{chapter.4}% 28
\BOOKMARK [1][-]{section.4.6}{Rank}{chapter.4}% 29
\BOOKMARK [1][-]{section.4.7}{Change of Basis}{chapter.4}% 30
\BOOKMARK [0][-]{chapter.5}{Eigenvectors}{}% 31
\BOOKMARK [1][-]{section.5.1}{Eigenvectors and Eigenvalues}{chapter.5}% 32
\BOOKMARK [1][-]{section.5.2}{The Characteristic Equation}{chapter.5}% 33
\BOOKMARK [1][-]{section.5.3}{Diagonalization}{chapter.5}% 34
