\BOOKMARK [0][-]{chapter.1}{First Order Differential Equations}{}% 1
\BOOKMARK [1][-]{section.1.1}{Differential Equations and Their Solutions}{chapter.1}% 2
\BOOKMARK [2][-]{subsection.1.1.1}{Title 3}{section.1.1}% 3
\BOOKMARK [1][-]{section.1.2}{Seperable Differential Equations}{chapter.1}% 4
\BOOKMARK [1][-]{section.1.3}{Linear Equations}{chapter.1}% 5
\BOOKMARK [1][-]{section.1.4}{Exact Equations}{chapter.1}% 6
\BOOKMARK [1][-]{section.1.5}{Autonomous Equations and Stability}{chapter.1}% 7
\BOOKMARK [1][-]{section.1.6}{Euler's Method}{chapter.1}% 8
\BOOKMARK [0][-]{chapter.2}{Second Order Differential Equations}{}% 9
\BOOKMARK [1][-]{section.2.1}{Definitions and Examples}{chapter.2}% 10
\BOOKMARK [1][-]{section.2.2}{Linear, Homogeneous Second Order Equations with Constant Coefficients}{chapter.2}% 11
\BOOKMARK [1][-]{section.2.3}{Application: Harmonic Motion}{chapter.2}% 12
\BOOKMARK [1][-]{section.2.4}{Inhomogeneous Equations: Undetermined Coefficients}{chapter.2}% 13
\BOOKMARK [1][-]{section.2.5}{Variation of Parameters}{chapter.2}% 14
\BOOKMARK [1][-]{section.2.6}{Application: Forced Harmonic Motion}{chapter.2}% 15
\BOOKMARK [0][-]{chapter.3}{Series Solutions}{}% 16
\BOOKMARK [1][-]{section.3.1}{Review: Power Series}{chapter.3}% 17
\BOOKMARK [1][-]{section.3.2}{Series Solutions Near Ordinary Points}{chapter.3}% 18
\BOOKMARK [0][-]{chapter.4}{The Laplace Transform}{}% 19
\BOOKMARK [1][-]{section.4.1}{The Definition of the Laplace Transform}{chapter.4}% 20
\BOOKMARK [1][-]{section.4.2}{Basic Properties of the Laplace Transform}{chapter.4}% 21
\BOOKMARK [1][-]{section.4.3}{The Inverse Laplace Transform}{chapter.4}% 22
\BOOKMARK [1][-]{section.4.4}{Using the Laplace Transform to Solve Differential Equations}{chapter.4}% 23
\BOOKMARK [1][-]{section.4.5}{Discontinuous Forcing Terms}{chapter.4}% 24
\BOOKMARK [1][-]{section.4.6}{The Delta Function}{chapter.4}% 25
\BOOKMARK [1][-]{section.4.7}{Convolutions}{chapter.4}% 26
\BOOKMARK [0][-]{chapter.5}{Matrix Algebra}{}% 27
\BOOKMARK [1][-]{section.5.1}{Vectors and Matrices}{chapter.5}% 28
\BOOKMARK [1][-]{section.5.2}{Bases of a Subspace}{chapter.5}% 29
\BOOKMARK [1][-]{section.5.3}{Square Matrices}{chapter.5}% 30
\BOOKMARK [1][-]{section.5.4}{Determinants}{chapter.5}% 31
\BOOKMARK [0][-]{chapter.6}{An Introduction to Systems}{}% 32
\BOOKMARK [1][-]{section.6.1}{Definitions and Examples}{chapter.6}% 33
\BOOKMARK [1][-]{section.6.2}{Geometric Interpretation of Solutions}{chapter.6}% 34
\BOOKMARK [1][-]{section.6.3}{Qualitative Analysis}{chapter.6}% 35
\BOOKMARK [1][-]{section.6.4}{Linear Systems}{chapter.6}% 36
\BOOKMARK [1][-]{section.6.5}{Properties of Linear Systems}{chapter.6}% 37
\BOOKMARK [0][-]{chapter.7}{Linear Systems with Constant Coefficients}{}% 38
\BOOKMARK [1][-]{section.7.1}{Overview of the Technique}{chapter.7}% 39
\BOOKMARK [1][-]{section.7.2}{Planar Systems}{chapter.7}% 40
\BOOKMARK [1][-]{section.7.3}{Phase Plane Portraits}{chapter.7}% 41
\BOOKMARK [1][-]{section.7.4}{The Trace-Determinant Plane}{chapter.7}% 42
